1 2I25
1 1KXQ
1 1AVX
1 1AY7
1 1BVN
1 1CGI
1 1CLV
1 1D6R
1 1DFJ
1 1E6E
1 1EAW
1 1EWY
1 1F34
1 1FLE
1 1GL1
1 1GXD
1 1JTG
1 1MAH
1 1OC0
1 1OPH
1 1OYV
1 BOYV
1 1PPE
1 1R0R
1 1TMQ
1 1YVB
1 2ABZ
1 2B42
1 2J0T
1 2O8V
1 2OUL
1 2PCC
1 2SIC
1 2SNI
1 3SGQ
1 4CPA
1 7CEI
1 1AK4
1 1B6C
1 1BUH
1 1E96
1 1EFN
1 1FC2
1 1FFW
1 1FQJ
1 1GCQ
1 1GHQ
1 1GLA
1 1GPW
1 1H9D
1 1HE1
1 1J2J
1 1KAC
1 1KTZ
1 1KXP
1 1PVH
1 1QA9
1 1S1Q
1 1SBB
1 1T6B
1 1US7
1 1XD3
1 1Z0K
1 1Z5Y
1 1ZHH
1 1ZHI
1 2A5T
1 2A9K
1 2AJF
1 2AYO
1 2BTF
1 2FJU
1 2G77
1 2HLE
1 2HQS
1 2OOB
1 2VDB
1 3D5S
1 1ACB
1 1JIW
1 1M10
1 1NW9
1 1GRN
1 1HE8
1 1I2M
1 1LFD
1 1MQ8
1 1R6Q
1 1SYX
1 1WQ1
1 1XQS
1 1ZM4
1 2CFH
1 2H7V
1 2HRK
1 2J7P
1 2NZ8
1 2OZA
1 2Z0E
1 3CPH
1 1F6M
1 1FQ1
1 1PXV
1 1ZLI
1 2O3B
1 1ATN
1 1BKD
1 1H1V
1 1IBR
1 1IRA
1 1JK9
1 1R8S
1 1Y64
1 2C0L
1 2I9B
1 2IDO
1 2OT3
0 1ACB_235w
0 1AY7_106w
0 1AY7_274w
0 1AY7_288w
0 1B6C_196w
0 1B6C_272w
0 1B6C_310w
0 1BUH_110w
0 1BUH_89w
0 1BVN_141w
0 1BVN_175w
0 1BVN_237w
0 1BVN_289w
0 1BVN_40w
0 1CGI_243w
0 1D6R_127w
0 1D6R_217w
0 1DFJ_95w
0 1E6E_119w
0 1E6E_201w
0 1E96_383w
0 1EFN_205w
0 1EFN_391w
0 1EWY_23w
0 1F34_296w
0 1F34_70w
0 1FC2_177w
0 1FC2_307w
0 1FC2_41w
0 1FFW_160w
0 1FFW_190w
0 1FFW_342w
0 1GL1_145w
0 1GLA_400w
0 1GPW_142w
0 1GPW_271w
0 1GPW_99w
0 1GRN_110w
0 1GRN_148w
0 1GRN_21w
0 1H9D_143w
0 1I2M_111w
0 1I2M_138w
0 1J2J_282w
0 1JTG_259w
0 1JTG_315w
0 1JTG_358w
0 1KAC_317w
0 1LFD_202w
0 1LFD_272w
0 1LFD_292w
0 1LFD_359w
0 1LFD_368w
0 1MAH_241w
0 1NW9_12w
0 1NW9_70w
0 1OC0_281w
0 1OYV_77w
0 1PVH_151w
0 1PVH_394w
0 1R0R_282w
0 1R6Q_170w
0 1S1Q_336w
0 1S1Q_77w
0 1TMQ_10w
0 1US7_301w
0 1WQ1_348w
0 1XQS_217w
0 1XQS_32w
0 1YVB_104w
0 1YVB_105w
0 1YVB_349w
0 1Z0K_324w
0 1Z0K_93w
0 1Z5Y_203w
0 1Z5Y_261w
0 1ZHH_319w
0 1ZHH_364w
0 1ZHI_114w
0 1ZHI_295w
0 1ZHI_316w
0 2A5T_145w
0 2A9K_214w
0 2A9K_346w
0 2ABZ_330w
0 2AYO_215w
0 2BTF_133w
0 2BTF_33w
0 2BTF_383w
0 2FJU_194w
0 2HLE_185w
0 2HLE_39w
0 2HLE_400w
0 2HQS_331w
0 2J7P_255w
0 2J7P_331w
0 2O3B_137w
0 2O3B_366w
0 2O3B_386w
0 2OOB_76w
0 2OUL_242w
0 2PCC_166w
0 2PCC_182w
0 2PCC_257w
0 2SIC_168w
0 2SIC_41w
0 2SIC_88w
0 3CPH_262w
0 3D5S_188w
0 3D5S_258w
0 3D5S_82w
0 3SGQ_274w
0 7CEI_127w
0 7CEI_169w
0 7CEI_321w
0 7CEI_331w
0 7CEI_55w
